[18.09.16 15:51:40:295]  INFO versioning.Version: =================================================
[18.09.16 15:51:40:299]  INFO versioning.Version: Project Name: ........ Nice Team
[18.09.16 15:51:40:300]  INFO versioning.Version: Project Revision: ........ [20031] Open Compile
[18.09.16 15:51:40:300]  INFO versioning.Version: Update: .................. Classic 1.5
[18.09.16 15:51:40:300]  INFO versioning.Version: Build date: .............. 2016.09.10
[18.09.16 15:51:40:300]  INFO versioning.Version: Compiler version: ........ 1.8.0_40-b26 (Oracle Corporation)
[18.09.16 15:51:40:301]  INFO versioning.Version: =================================================
[18.09.16 15:51:40:716]  INFO holder.HostsConfigHolder: =================================================
[18.09.16 15:51:40:716]  INFO holder.HostsConfigHolder: Authserver host info: IP[127.0.0.1], PORT[9014]
[18.09.16 15:51:40:717]  INFO holder.HostsConfigHolder: =================================================
[18.09.16 15:51:40:717]  INFO holder.HostsConfigHolder: Gameserver host info:
[18.09.16 15:51:40:717]  INFO holder.HostsConfigHolder: ID[19], IP[127.0.0.1], INNER_IP[127.0.0.1], PORT[7777]
[18.09.16 15:51:40:717]  INFO holder.HostsConfigHolder: ID[18], IP[127.0.0.1], INNER_IP[127.0.0.1], PORT[7777]
[18.09.16 15:51:40:717]  INFO holder.HostsConfigHolder: ID[17], IP[127.0.0.1], INNER_IP[127.0.0.1], PORT[7777]
[18.09.16 15:51:40:717]  INFO holder.HostsConfigHolder: =================================================
[18.09.16 15:51:41:075]  INFO gameserver.Config: Abuse: Loaded 18 abuse words.
[18.09.16 15:51:41:829]  INFO idfactory.IdFactory: IdFactory: Clear characters online status.
[18.09.16 15:51:42:858]  INFO idfactory.IdFactory: IdFactory: Cleaned 0 elements from database in 1sec.
[18.09.16 15:51:42:865]  INFO idfactory.IdFactory: IdFactory: Extracted 1 used id's from characters
[18.09.16 15:51:42:866]  INFO idfactory.IdFactory: IdFactory: Extracted 22 used id's from items
[18.09.16 15:51:42:869]  INFO idfactory.IdFactory: IdFactory: Extracted total 23 used id's.
[18.09.16 15:51:42:869]  INFO idfactory.BitSetIDFactory: IdFactory: 102912 id's available.
[18.09.16 15:51:43:223]  INFO dao.LfcDAO: LFC: Loaded with 60 arenas!
[18.09.16 15:51:43:242]  INFO dao.LfcStatisticDAO: LFC Global Statistics: Loaded with 2 characters!
[18.09.16 15:51:43:246]  INFO dao.LfcStatisticDAO: LFC Local Statistics: Loaded with 2 fights!
[18.09.16 15:51:43:264]  INFO dao.CustomStatsDAO: Custom Mobs: Loaded with 1 raid stats
[18.09.16 15:51:43:264]  INFO dao.CustomStatsDAO: Custom Mobs: Loaded with 0 monster stats
[18.09.16 15:51:43:291]  INFO dao.PremiumAccountRatesHolder: Premium Info: Loaded with 4 premium options
[18.09.16 15:51:43:323]  INFO dao.FreePremiumAccountsDao: Free PA manager loaded size: 0
[18.09.16 15:51:43:332]  INFO dao.HidenItemsDAO: Hidden items loaded size: 0
[18.09.16 15:51:43:375]  INFO security.HWIDBan: HWIDBan: Black list (Hwid) loaded size: 0
[18.09.16 15:51:43:386]  INFO scripts.Scripts: Scripts: Loading...
[18.09.16 15:51:47:197]  INFO scripts.Scripts: Scripts: Loaded 225 classes.
[18.09.16 15:51:47:265]  INFO utils.Strings: Loaded 418 translit entries.
[18.09.16 15:51:47:267]  INFO gameserver.GameTimeController: GameTimeController: initialized. Current time is 5:10 in the night.
[18.09.16 15:51:47:268]  INFO model.World: L2World: Creating regions: [256][272][32].
